13:36:23.807 [main] INFO  testCases.TC04_HomePageUI - Header passed
13:36:24.036 [main] INFO  testCases.TC04_HomePageUI - SitemapShown started
13:36:24.072 [main] INFO  testCases.TC04_HomePageUI - SitemapShown finished
13:36:24.236 [main] INFO  testCases.TC04_HomePageUI - LogoDisplayed started
13:36:24.285 [main] INFO  testCases.TC04_HomePageUI - LogoDisplayed finished
17:45:26.983 [main] INFO  testCases.TC01_AccountRegister - Test cases started
17:45:27.212 [main] INFO  testCases.TC01_AccountRegister -  Entered First and Last Name
17:45:28.325 [main] INFO  testCases.TC01_AccountRegister - Assertion sucess message assertion starts
17:45:28.382 [main] INFO  testCases.TC01_AccountRegister - assertion done...
17:45:32.975 [main] INFO  testCases.TC02_AccountLogin - LoginTest started
17:45:37.676 [main] INFO  testCases.TC02_AccountLogin - LoginTest passed
17:45:40.322 [main] INFO  testCases.TC03_AccountLoginMultipleLoginData - LoginTest Started
17:45:42.094 [main] INFO  testCases.TC03_AccountLoginMultipleLoginData - LoginTest passed with invalid data
17:45:42.242 [main] INFO  testCases.TC03_AccountLoginMultipleLoginData - LoginTest Started
17:45:44.743 [main] INFO  testCases.TC03_AccountLoginMultipleLoginData - LoginTest passed with valid data
17:45:45.028 [main] INFO  testCases.TC03_AccountLoginMultipleLoginData - LoginTest Started
17:45:46.239 [main] INFO  testCases.TC03_AccountLoginMultipleLoginData - LoginTest passed with invalid data
17:45:48.541 [main] INFO  testCases.TC04_HomePageUI - Header Shown started
17:45:48.675 [main] INFO  testCases.TC04_HomePageUI - Header passed
17:45:49.100 [main] INFO  testCases.TC04_HomePageUI - SitemapShown started
17:45:49.147 [main] INFO  testCases.TC04_HomePageUI - SitemapShown finished
17:45:49.445 [main] INFO  testCases.TC04_HomePageUI - LogoDisplayed started
17:45:49.465 [main] INFO  testCases.TC04_HomePageUI - LogoDisplayed finished
