12:48:33.786 [main] INFO  testCases.TC04_HomePageUI - Header Shown started
12:48:33.870 [main] INFO  testCases.TC04_HomePageUI - Header passed
12:48:34.096 [main] INFO  testCases.TC04_HomePageUI - SitemapShown started
12:48:34.158 [main] INFO  testCases.TC04_HomePageUI - SitemapShown finished
12:48:34.502 [main] INFO  testCases.TC04_HomePageUI - LogoDisplayed started
12:48:34.544 [main] INFO  testCases.TC04_HomePageUI - LogoDisplayed finished
13:02:33.218 [main] INFO  testCases.TC01_AccountRegister - Test cases started
13:02:33.798 [main] INFO  testCases.TC01_AccountRegister -  Entered First and Last Name
13:02:34.807 [main] INFO  testCases.TC01_AccountRegister - Assertion sucess message assertion starts
13:02:36.558 [main] INFO  testCases.TC01_AccountRegister - assertion done...
13:03:09.630 [main] INFO  testCases.TC02_AccountLogin - LoginTest started
13:03:52.334 [main] INFO  testCases.TC02_AccountLogin - LoginTest passed
13:08:52.406 [main] INFO  testCases.TC01_AccountRegister - Test cases started
13:08:53.171 [main] INFO  testCases.TC01_AccountRegister -  Entered First and Last Name
13:08:56.443 [main] INFO  testCases.TC01_AccountRegister - Assertion sucess message assertion starts
13:08:56.571 [main] INFO  testCases.TC01_AccountRegister - assertion done...
13:09:41.351 [main] INFO  testCases.TC02_AccountLogin - LoginTest started
13:11:24.533 [main] INFO  testCases.TC03_AccountLoginMultipleLoginData - LoginTest Started
13:11:45.940 [main] INFO  testCases.TC03_AccountLoginMultipleLoginData - LoginTest passed with invalid data
13:11:46.056 [main] INFO  testCases.TC03_AccountLoginMultipleLoginData - LoginTest Started
13:12:01.755 [main] INFO  testCases.TC03_AccountLoginMultipleLoginData - LoginTest Started
13:12:05.051 [main] INFO  testCases.TC03_AccountLoginMultipleLoginData - LoginTest passed with invalid data
13:12:17.270 [main] INFO  testCases.TC04_HomePageUI - Header Shown started
13:12:17.364 [main] INFO  testCases.TC04_HomePageUI - Header passed
13:12:17.636 [main] INFO  testCases.TC04_HomePageUI - SitemapShown started
13:12:17.693 [main] INFO  testCases.TC04_HomePageUI - SitemapShown finished
13:12:17.926 [main] INFO  testCases.TC04_HomePageUI - LogoDisplayed started
13:12:17.962 [main] INFO  testCases.TC04_HomePageUI - LogoDisplayed finished
13:14:14.411 [main] INFO  testCases.TC01_AccountRegister - Test cases started
13:14:14.938 [main] INFO  testCases.TC01_AccountRegister -  Entered First and Last Name
13:14:17.285 [main] INFO  testCases.TC01_AccountRegister - Assertion sucess message assertion starts
13:14:17.383 [main] INFO  testCases.TC01_AccountRegister - assertion done...
13:14:38.419 [main] INFO  testCases.TC02_AccountLogin - LoginTest started
13:15:00.666 [main] INFO  testCases.TC02_AccountLogin - LoginTest passed
13:15:11.391 [main] INFO  testCases.TC03_AccountLoginMultipleLoginData - LoginTest Started
13:17:10.935 [main] INFO  testCases.TC03_AccountLoginMultipleLoginData - LoginTest passed with invalid data
13:17:11.104 [main] INFO  testCases.TC03_AccountLoginMultipleLoginData - LoginTest Started
13:17:49.787 [main] INFO  testCases.TC03_AccountLoginMultipleLoginData - LoginTest passed with valid data
13:17:50.184 [main] INFO  testCases.TC03_AccountLoginMultipleLoginData - LoginTest Started
13:17:52.769 [main] INFO  testCases.TC03_AccountLoginMultipleLoginData - LoginTest passed with invalid data
13:17:58.932 [main] INFO  testCases.TC04_HomePageUI - Header Shown started
13:17:59.043 [main] INFO  testCases.TC04_HomePageUI - Header passed
13:17:59.309 [main] INFO  testCases.TC04_HomePageUI - SitemapShown started
13:17:59.350 [main] INFO  testCases.TC04_HomePageUI - SitemapShown finished
13:17:59.805 [main] INFO  testCases.TC04_HomePageUI - LogoDisplayed started
13:18:00.234 [main] INFO  testCases.TC04_HomePageUI - LogoDisplayed finished
13:31:51.929 [main] INFO  testCases.TC01_AccountRegister - Test cases started
13:31:52.293 [main] INFO  testCases.TC01_AccountRegister -  Entered First and Last Name
13:32:00.639 [main] INFO  testCases.TC01_AccountRegister - Assertion sucess message assertion starts
13:32:00.732 [main] INFO  testCases.TC01_AccountRegister - assertion done...
13:32:15.938 [main] INFO  testCases.TC02_AccountLogin - LoginTest started
13:32:28.768 [main] INFO  testCases.TC02_AccountLogin - LoginTest passed
13:34:12.706 [main] INFO  testCases.TC03_AccountLoginMultipleLoginData - LoginTest Started
13:34:34.940 [main] INFO  testCases.TC03_AccountLoginMultipleLoginData - LoginTest passed with invalid data
13:34:35.092 [main] INFO  testCases.TC03_AccountLoginMultipleLoginData - LoginTest Started
13:35:06.021 [main] INFO  testCases.TC03_AccountLoginMultipleLoginData - LoginTest passed with valid data
13:35:06.354 [main] INFO  testCases.TC03_AccountLoginMultipleLoginData - LoginTest Started
13:35:11.488 [main] INFO  testCases.TC03_AccountLoginMultipleLoginData - LoginTest passed with invalid data
13:36:23.688 [main] INFO  testCases.TC04_HomePageUI - Header Shown started
